<?xml version="1.0" encoding="UTF-8"?>
<!-- Generated by org.testng.reporters.JUnitReportReporter -->
<testsuite hostname="TestingWorld-PC" name="testcases.TC_002" tests="1" failures="0" timestamp="23 Oct 2016 05:43:25 GMT" time="4.960" errors="0">
  <testcase name="tcase1" time="4.960" classname="testcases.TC_002"/>
</testsuite> <!-- testcases.TC_002 -->
